2810 2667883 2
3853 2667883 2
4909 2667883 2
10377 2667883 2
12598 2667883 2
13638 2667883 2
15858 2667883 2
16899 2667883 2
19120 2667883 2
20161 2667883 2
23423 2667883 2
25645 2667883 2
26684 2667883 2
28904 2667883 2
29945 2667883 2
32166 2667883 2
33206 2667883 2
35424 2667883 2
36468 2667883 2
38677 2667883 2
38686 2667883 2
39730 2667883 2
41939 2667883 2
42988 2667883 2
45201 2667883 2
46247 2667883 2
48461 2667883 2
49506 2667883 2
52765 2667883 2
54986 2667883 2
56021 2667883 2
59109 2667883 2
59135 2667883 2
59155 2667883 2
59279 2667883 2
62363 2667883 2
62449 2667883 2
62464 2667883 2
62478 2667883 2
62537 2667883 2
65620 2667883 2
65785 2667883 2
68037 2667883 2
68620 2667883 2
68877 2667883 2
69037 2667883 2
70176 2667883 2
71876 2667883 2
72138 2667883 2
73438 2667883 2
75136 2667883 2
75398 2667883 2
76700 2667883 2
78389 2667883 2
78657 2667883 2
79962 2667883 2
81649 2667883 2
81885 2667883 2
81918 2667883 2
83134 2667883 2
83150 2667883 2
84909 2667883 2
85131 2667883 2
85167 2667883 2
86396 2667883 2
88169 2667883 2
88389 2667883 2
89658 2667883 2
91426 2667883 2
91623 2667883 2
92920 2667883 2
94688 2667883 2
94869 2667883 2
96182 2667883 2
97950 2667883 2
98120 2667883 2
99438 2667883 2
99444 2667883 2
101212 2667883 2
101378 2667883 2
102700 2667883 2
104474 2667883 2
104633 2667883 2
106069 2667883 2
107193 2667883 2
107847 2667883 2
107881 2667883 2
110999 2667883 2
111136 2667883 2
117520 2667883 2
119014 2667883 2
120781 2667883 2
122276 2667883 2
124040 2667883 2
125538 2667883 2
125647 2667883 2
127300 2667883 2
128800 2667883 2
128906 2667883 2
130561 2667883 2
132062 2667883 2
132168 2667883 2
133296 2667883 2
133822 2667883 2
137066 2667883 2
140325 2667883 2
141850 2667883 2
143583 2667883 2
146838 2667883 2
148375 2667883 2
151632 2667883 2
154890 2667883 2
158151 2667883 2
168056 2667883 2
171314 2667883 2
174465 2667883 2
184253 2667883 2
187515 2667883 2
194040 2667883 2
200563 2667883 2
203825 2667883 2
208349 2667883 2
210350 2667883 2
213612 2667883 2
216873 2667883 2
220133 2667883 2
223394 2667883 2
226656 2667883 2
229918 2667883 2
247510 2667883 2
254035 2667883 2
273610 2667883 2
283399 2667883 2
289925 2667883 2
293184 2667883 2
296446 2667883 2
302972 2667883 2
306234 2667883 2
309496 2667883 2
312758 2667883 2
316016 2667883 2
322541 2667883 2
329065 2667883 2
332303 2667883 2
332315 2667883 2
335564 2667883 2
338821 2667883 2
342083 2667883 2
345345 2667883 2
348607 2667883 2
351869 2667883 2
355131 2667883 2
358391 2667883 2
361653 2667883 2
364915 2667883 2
368174 2667883 2
371436 2667883 2
374698 2667883 2
381223 2667883 2
397537 2667883 2
407325 2667883 2
410587 2667883 2
413849 2667883 2
420145 2667883 2
423399 2667883 2
426660 2667883 2
426900 2667883 2
429920 2667883 2
429952 2667883 2
433182 2667883 2
433425 2667883 2
436444 2667883 2
436519 2667883 2
436684 2667883 2
439706 2667883 2
439946 2667883 2
442968 2667883 2
446471 2667883 2
449493 2667883 2
449733 2667883 2
452994 2667883 2
459281 2667883 2
459519 2667883 2
462774 2667883 2
466031 2667883 2
469293 2667883 2
472537 2667883 2
472553 2667883 2
475796 2667883 2
647086 936837 2
647108 936837 2
650302 936837 2
650335 936837 2
653561 936837 2
653591 936837 2
653657 936837 2
656820 936837 2
660082 936837 2
663337 936837 2
666595 936837 2
669857 936837 2
673119 936837 2
676379 936837 2
679641 936837 2
682903 936837 2
686163 936837 2
689424 936837 2
692685 936837 2
695945 936837 2
699207 936837 2
700791 2667883 2
705732 936837 2
712255 936837 2
715517 936837 2
718779 936837 2
723488 723488 1
725304 936837 2
728531 936837 2
728566 936837 2
730160 2667883 2
731793 936837 2
733420 2667883 2
735080 936837 2
735091 936837 2
736682 2667883 2
738353 936837 2
744844 936837 2
751358 936837 2
751365 936837 2
754615 936837 2
757872 936837 2
761134 936837 2
764396 936837 2
774154 936837 2
774180 936837 2
774184 936837 2
777400 936837 2
777426 936837 2
777442 936837 2
780661 936837 2
780704 936837 2
783922 936837 2
787182 936837 2
790438 936837 2
800226 936837 2
803487 936837 2
810012 936837 2
816509 936837 2
816527 936837 2
819769 936837 2
819787 936837 2
823029 936837 2
826284 936837 2
827984 827984 1
829544 936837 2
832805 936837 2
839318 936837 2
839329 936837 2
842578 936837 2
845840 936837 2
849102 936837 2
850706 896392 2
852353 936837 2
852364 936837 2
855612 936837 2
857363 2667883 2
858860 936837 2
858873 936837 2
860625 2667883 2
860642 2667883 2
860697 2667883 2
862104 936837 2
862122 936837 2
863758 896392 2
863968 2667883 2
865122 936837 2
865176 936837 2
865195 936837 2
865243 936837 2
865365 936837 2
865384 936837 2
867150 2667883 2
868382 936837 2
868403 936837 2
868425 936837 2
868502 936837 2
868627 936837 2
870443 2667883 2
871641 936837 2
871686 936837 2
871764 936837 2
873666 2667883 2
874900 936837 2
875152 936837 2
876928 2667883 2
878162 936837 2
878275 936837 2
878289 936837 2
878411 936837 2
880190 2667883 2
881424 936837 2
881551 936837 2
881668 936837 2
884670 936837 2
884924 936837 2
884930 936837 2
886715 2667883 2
887931 936837 2
888174 936837 2
888186 936837 2
889977 2667883 2
891192 936837 2
893239 2667883 2
894443 936837 2
896392 896392 1
896566 2667883 2
897699 936837 2
897934 936837 2
897961 936837 2
899856 2667883 2
900958 936837 2
901195 936837 2
901215 936837 2
904211 936837 2
904457 936837 2
906381 2667883 2
907472 936837 2
912906 2667883 2
927049 936837 2
936837 936837 1
955256 2667883 2
958517 2667883 2
961778 2667883 2
965040 2667883 2
984615 2667883 2
987875 2667883 2
991137 2667883 2
1023769 2667883 2
1027031 2667883 2
1030293 2667883 2
1033555 2667883 2
1036817 2667883 2
1040079 2667883 2
1043298 1043298 1
1056375 2667883 2
1059002 1349584 2
1059635 2667883 2
1062261 1349584 2
1062889 2667883 2
1065523 1349584 2
1066149 2667883 2
1069411 2667883 2
1072048 1349584 2
1072672 2667883 2
1075310 1349584 2
1075934 2667883 2
1081880 1349584 2
1091624 1349584 2
1092246 2667883 2
1104674 1349584 2
1107923 1349584 2
1107934 1349584 2
1108059 1349584 2
1108149 1147305 2
1111185 1349584 2
1111321 1349584 2
1111337 1349584 2
1114583 1349584 2
1117842 1349584 2
1121203 1147305 2
1127628 1349584 2
1127681 1349584 2
1137518 1147305 2
1140780 1147305 2
1147090 1349584 2
1147305 1147305 1
1150480 1349584 2
1153742 1349584 2
1157003 1349584 2
1160338 1349584 2
1163528 1349584 2
1170053 1349584 2
1173310 1349584 2
1176568 1349584 2
1190155 2667883 2
1193417 2667883 2
1199313 1349584 2
1228684 1349584 2
1235206 1349584 2
1290824 1349584 2
1313673 1349584 2
1316935 1349584 2
1329987 1349584 2
1333147 1333147 1
1336508 1349584 2
1349584 1349584 1
1371622 1371622 1
1394479 1397741 2
1397741 1397741 1
1729940 1729940 1
1739767 1739767 1
1739780 2667883 2
1746305 2667883 2
1775718 1775718 1
1775986 2667883 2
1778979 1778979 1
1789030 2667883 2
1792292 2667883 2
1795705 2667883 2
1798838 2667883 2
1802115 2667883 2
1802119 2667883 2
1805479 1805479 1
1808432 1808432 1
1808640 2667883 2
1821526 1831313 2
1828335 1828335 1
1828348 1838137 2
1831300 1831300 1
1831313 1831313 1
1838012 1838012 1
1838137 1838137 1
1847663 2667883 2
1864262 2667883 2
1998536 2667883 2
2387542 2667883 2
2416929 2667883 2
2423483 2423483 1
2446313 2446313 1
2456116 2456116 1
2462558 2667883 2
2540911 2667883 2
2547435 2667883 2
2560500 2667883 2
2585039 2585039 1
2588316 2588316 1
2598113 2748236 2
2604634 2748236 2
2611152 2748236 2
2633996 2748236 2
2640562 2748236 2
2640568 2748236 2
2643830 2748236 2
2643838 2748236 2
2663370 2663370 1
2666634 2748236 2
2666699 2748236 2
2666702 2666702 1
2667883 2667883 1
2687789 2687789 1
2694313 2694313 1
2705876 2748236 2
2709055 2709055 1
2744974 2748236 2
2748236 2748236 1
2837894 2837894 1
2973545 2973545 1
3454952 4896104 2
3458214 4896104 2
3464739 4896104 2
3467999 4896104 2
3468027 4896104 2
3474524 4896104 2
3513686 4896104 2
3516945 4896104 2
3520204 4896104 2
3523465 4896104 2
3526708 4896104 2
3526723 4896104 2
3526726 4896104 2
3529968 4896104 2
3533229 4896104 2
3539754 4896104 2
3543016 4896104 2
3546278 4896104 2
3549539 4896104 2
3552800 4896104 2
3552817 4896104 2
3556062 4896104 2
3562587 4896104 2
3572374 4896104 2
3575635 4896104 2
3578896 4896104 2
3585420 4896104 2
3588615 4896104 2
3588681 4896104 2
3591876 4896104 2
3595138 4896104 2
3598400 4896104 2
3598469 4896104 2
3604993 4896104 2
3608188 4896104 2
3608250 4896104 2
3608254 4896104 2
3611450 4896104 2
3611511 4896104 2
3614711 4896104 2
3614773 4896104 2
3618022 4896104 2
3618035 4896104 2
3621236 4896104 2
3621278 4896104 2
3621297 4896104 2
3624496 4896104 2
3627751 4896104 2
3630945 4896104 2
3631011 4896104 2
3634205 4896104 2
3634272 4896104 2
3637466 4896104 2
3637534 4896104 2
3640726 4896104 2
3640793 4896104 2
3643984 4896104 2
3644045 4896104 2
3644055 4896104 2
3647242 4896104 2
3650500 4896104 2
3653762 4896104 2
3657024 4896104 2
3660285 4896104 2
3663545 4896104 2
3666805 4896104 2
3670066 4896104 2
3673325 4896104 2
3676584 4896104 2
3679846 4896104 2
3683107 4896104 2
3686367 4896104 2
3689629 4896104 2
3696154 4896104 2
3705942 4896104 2
3715728 4896104 2
3718989 4896104 2
3722243 4896104 2
3725505 4896104 2
3748348 4896104 2
3751610 4896104 2
3774479 4896104 2
3777715 4896104 2
3780896 3780896 1
3780976 4896104 2
3784238 4896104 2
3787500 4896104 2
3790730 4896104 2
3790742 4896104 2
3790762 4896104 2
3793992 4896104 2
3794024 4896104 2
3797231 4896104 2
3797253 4896104 2
3797286 4896104 2
3800488 4896104 2
3800515 4896104 2
3800548 4896104 2
3803749 4896104 2
3803809 4896104 2
3807010 4896104 2
3810303 4896104 2
3810334 4896104 2
3813564 4896104 2
3813596 4896104 2
3816825 4896104 2
3820084 4896104 2
3846144 4896104 2
3849433 4896104 2
3852694 4896104 2
3855956 4896104 2
3859216 4896104 2
3862477 4896104 2
3869385 3869385 1
3888580 4896104 2
3891862 4896104 2
3895090 3895090 1
3895102 4896104 2
3898363 4896104 2
3908129 4896104 2
3917945 4896104 2
3921180 4896104 2
3921204 4896104 2
3924441 4896104 2
3924466 4896104 2
3927672 4896104 2
3927703 4896104 2
3927725 4896104 2
3930925 4896104 2
3930961 4896104 2
3934186 4896104 2
3934220 4896104 2
3937438 4896104 2
3937446 4896104 2
3937479 4896104 2
3940699 4896104 2
3943961 4896104 2
3947134 3947134 1
3947223 4896104 2
3947513 4896104 2
3950485 4896104 2
3953747 4896104 2
3957009 4896104 2
3963534 4896104 2
3976568 3976568 1
3979775 3979775 1
3979789 3983051 2
3980232 3980232 1
3983051 3983051 1
3983470 3983470 1
3989640 4896104 2
3999394 4896104 2
4002656 4896104 2
4002686 4896104 2
4002690 4896104 2
4012469 4896104 2
4012471 4896104 2
4012475 4896104 2
4018926 4896104 2
4018949 4896104 2
4022186 4896104 2
4025438 4896104 2
4028699 4896104 2
4031956 4896104 2
4035218 4896104 2
4038480 4896104 2
4041739 4896104 2
4044995 4896104 2
4048255 4896104 2
4051515 4896104 2
4071093 4896104 2
4074295 4896104 2
4077557 4896104 2
4077618 4896104 2
4080877 4896104 2
4084016 4090541 2
4084139 4896104 2
4085048 8465454 2
4087345 4896104 2
4087401 4896104 2
4088300 8465454 2
4090541 4090541 1
4091540 8465454 2
4093827 4093827 1
4093895 4896104 2
4094801 8465454 2
4094863 8465454 2
4098052 8465454 2
4099420 4099420 1
4101310 8465454 2
4104572 8465454 2
4105989 8009912 2
4106972 4896104 2
4107830 8465454 2
4108190 8452782 2
4108208 8452782 2
4109240 8009912 2
4110233 4896104 2
4111087 8465454 2
4111441 8452782 2
4111470 8452782 2
4111485 8452782 2
4111502 8452782 2
4111524 8452782 2
4112500 8009912 2
4113454 4896104 2
4114348 8465454 2
4114695 8452782 2
4114779 8452782 2
4115756 8009912 2
4116716 4896104 2
4117609 8465454 2
4117956 8452782 2
4118065 8452782 2
4119014 8009912 2
4119978 4896104 2
4120868 8465454 2
4121215 8452782 2
4122275 8009912 2
4123240 4896104 2
4124128 8465454 2
4124472 8452782 2
4125515 4135300 2
4125537 8009912 2
4126502 4896104 2
4127387 8465454 2
4127692 4179859 2
4127724 8452782 2
4128776 4135300 2
4128797 8009912 2
4129540 4129540 1
4130647 8465454 2
4130954 4179859 2
4130985 8452782 2
4132038 4135300 2
4132059 8009912 2
4133027 4896104 2
4133909 8465454 2
4134216 4179859 2
4134235 8452782 2
4135296 4135300 2
4135300 4135300 1
4135321 8009912 2
4137171 8465454 2
4137474 4179859 2
4137496 8452782 2
4138558 4135300 2
4138582 8009912 2
4140430 8465454 2
4140733 4179859 2
4140758 8452782 2
4141844 8009912 2
4142815 4896104 2
4143691 8465454 2
4143994 4179859 2
4144019 8452782 2
4145106 8009912 2
4146952 8465454 2
4147250 4179859 2
4147279 8452782 2
4148368 8009912 2
4149299 7991030 2
4149339 4896104 2
4150512 4179859 2
4150541 8452782 2
4151630 8009912 2
4152601 4896104 2
4153477 8465454 2
4153768 4179859 2
4153803 8452782 2
4154892 8009912 2
4155863 4896104 2
4156711 4156711 1
4156739 8465454 2
4157030 4179859 2
4157065 8452782 2
4158154 8009912 2
4159124 4896104 2
4159146 7991030 2
4160287 4179859 2
4160327 8452782 2
4161416 8009912 2
4162386 4896104 2
4162394 7991030 2
4162407 7991030 2
4163549 4179859 2
4163589 8452782 2
4164678 8009912 2
4165642 7991030 2
4165648 4896104 2
4165656 7991030 2
4166527 8465454 2
4166811 4179859 2
4166850 8452782 2
4167940 8009912 2
4168717 4168717 1
4168910 4896104 2
4168962 7991030 2
4168971 7991030 2
4170072 4179859 2
4170112 8452782 2
4172172 4896104 2
4173052 8465454 2
4173334 4179859 2
4173374 8452782 2
4174441 4311468 2
4174465 8009912 2
4175433 4896104 2
4176313 8465454 2
4176636 8452782 2
4177701 4311468 2
4177727 8009912 2
4178694 4896104 2
4179574 8465454 2
4179859 4179859 1
4179897 8452782 2
4180963 4311468 2
4181956 4896104 2
4182835 8465454 2
4183159 8452782 2
4184225 4311468 2
4185379 7991030 2
4186421 8452782 2
4187486 4311468 2
4188641 7991030 2
4189683 8452782 2
4190747 4311468 2
4190778 8009912 2
4191872 7991030 2
4191896 7991030 2
4194009 4311468 2
4195157 7991030 2
4196208 8452782 2
4197303 8009912 2
4199470 8452782 2
4200534 4311468 2
4202726 8452782 2
4204762 4896104 2
4207059 4311468 2
4209251 8452782 2
4210321 4311468 2
4212206 8465454 2
4212513 8452782 2
4215775 8452782 2
4220109 4311468 2
4222300 8452782 2
4223406 8009912 2
4224323 4896104 2
4225562 8452782 2
4226634 4311468 2
4227585 4896104 2
4227636 4896104 2
4229895 4311468 2
4230819 4240626 2
4230847 4896104 2
4230898 4896104 2
4232087 8452782 2
4233157 4311468 2
4233175 4311468 2
4234108 4896104 2
4234135 4896104 2
4235348 8452782 2
4237397 4896104 2
4237423 4896104 2
4238610 8452782 2
4240626 4240626 1
4240685 4896104 2
4242945 4311468 2
4243804 4243804 1
4246207 4311468 2
4249469 4311468 2
4256961 4896104 2
4260222 4896104 2
4260619 4896104 2
4265806 4311468 2
4266694 4896104 2
4266717 4896104 2
4266747 4896104 2
4269955 4896104 2
4269977 4896104 2
4273216 4896104 2
4273270 4896104 2
4273368 4896104 2
4273375 4896104 2
4276478 4896104 2
4278837 4311468 2
4279737 4896104 2
4279894 4896104 2
4282997 4896104 2
4283145 4896104 2
4286258 4896104 2
4289452 4896104 2
4289520 4896104 2
4290503 4290503 1
4292782 4896104 2
4296002 4896104 2
4296548 4296548 1
4299240 4896104 2
4299307 4896104 2
4299463 4896104 2
4302568 4896104 2
4305746 4896104 2
4305829 4896104 2
4309008 4896104 2
4309029 4896104 2
4309091 4896104 2
4309482 4309482 1
4311468 4311468 1
4325405 4896104 2
4327773 4327773 1
4335193 4896104 2
4338453 4896104 2
4341685 4896104 2
4341715 4896104 2
4361262 4896104 2
4361293 4896104 2
4361717 4361717 1
4364467 4896104 2
4364554 4896104 2
4365004 4365004 1
4367729 4896104 2
4367748 4896104 2
4367816 4896104 2
4370984 4896104 2
4374818 4374818 1
4390587 4896104 2
4392620 8452782 2
4392721 8452782 2
4395878 8452782 2
4395974 8452782 2
4399139 8452782 2
4399232 8452782 2
4402401 8452782 2
4402491 8452782 2
4405631 8452782 2
4405659 8452782 2
4405750 8452782 2
4407249 4896104 2
4408892 8452782 2
4408920 8452782 2
4409011 8452782 2
4410511 4896104 2
4412153 8452782 2
4412181 8452782 2
4412270 8452782 2
4415415 8452782 2
4415443 8452782 2
4415531 8452782 2
4416759 4896104 2
4416765 4896104 2
4418676 8452782 2
4418703 8452782 2
4418792 8452782 2
4421938 8452782 2
4421965 8452782 2
4423148 4896104 2
4423208 4896104 2
4425200 8452782 2
4425226 8452782 2
4425317 8452782 2
4426409 4896104 2
4426459 4896104 2
4426469 4896104 2
4428462 8452782 2
4428487 8452782 2
4428579 8452782 2
4429670 4896104 2
4429721 4896104 2
4429869 4896104 2
4431723 8452782 2
4431749 8452782 2
4431840 8452782 2
4432930 4896104 2
4433130 4896104 2
4433550 7991030 2
4434985 8452782 2
4435011 8452782 2
4435101 8452782 2
4436169 4896104 2
4436176 4896104 2
4436189 4896104 2
4436422 4896104 2
4436920 4469547 2
4438247 8452782 2
4438273 8452782 2
4438363 8452782 2
4439684 4896104 2
4440179 4469547 2
4441534 8452782 2
4441625 8452782 2
4442689 4896104 2
4442946 4896104 2
4444795 8452782 2
4445951 4896104 2
4448035 8452782 2
4448057 8452782 2
4448150 8452782 2
4449211 4896104 2
4449956 4459736 2
4451412 8452782 2
4453211 4459736 2
4454560 8452782 2
4457822 8452782 2
4457937 8452782 2
4459234 4896104 2
4459736 4459736 1
4459789 4469547 2
4461108 8452782 2
4461199 8452782 2
4462354 4896104 2
4464347 8452782 2
4464880 8009912 2
4467724 8452782 2
4469544 4469547 2
4469547 4469547 1
4474178 8452782 2
4474249 8452782 2
4477398 8452782 2
4477511 8452782 2
4478581 4896104 2
4480703 8452782 2
4480721 8452782 2
4483981 8452782 2
4485066 4896104 2
4485154 4896104 2
4487242 8452782 2
4487299 8452782 2
4488327 4896104 2
4488339 4896104 2
4490449 8452782 2
4490471 8452782 2
4490491 8452782 2
4491586 4896104 2
4491678 4896104 2
4493824 8452782 2
4494848 4896104 2
4498203 4896104 2
4500349 8452782 2
4501373 4896104 2
4504677 4896104 2
4505329 4505329 1
4506785 8452782 2
4507948 4896104 2
4507965 4896104 2
4510137 8452782 2
4511226 4896104 2
4511243 4896104 2
4514465 4896104 2
4516599 8452782 2
4517864 4896104 2
4518558 4518558 1
4520951 4896104 2
4523124 8452782 2
4525554 8465454 2
4534744 4534744 1
4536175 8452782 2
4537457 4537457 1
4538317 4538317 1
4543986 4896104 2
4544538 4544538 1
4550511 4896104 2
4556832 4896104 2
4560094 4896104 2
4561136 4665517 2
4563369 4896104 2
4564397 4665517 2
4567657 4665517 2
4567753 8465454 2
4569920 4896104 2
4569939 4896104 2
4570917 4665517 2
4571008 8465454 2
4573181 4896104 2
4574179 4665517 2
4574265 8465454 2
4576410 4896104 2
4576436 4896104 2
4576443 4896104 2
4577438 4665517 2
4577525 8465454 2
4579672 4896104 2
4580699 4665517 2
4580783 8465454 2
4581864 8452782 2
4582863 4896104 2
4582932 4896104 2
4583960 4665517 2
4584045 8465454 2
4586118 4896104 2
4586194 4896104 2
4587222 4665517 2
4587305 8465454 2
4588389 8452782 2
4589380 4896104 2
4589454 4896104 2
4589702 4896104 2
4590483 4665517 2
4590567 8465454 2
4591651 8452782 2
4593745 4665517 2
4593828 8465454 2
4594913 8452782 2
4595905 4896104 2
4597007 4665517 2
4597088 8465454 2
4600268 4665517 2
4600350 8465454 2
4601438 8452782 2
4603612 8465454 2
4606793 4665517 2
4606874 8465454 2
4607963 8452782 2
4608886 4608886 1
4610055 4665517 2
4610087 4610087 1
4610136 8465454 2
4612301 4896104 2
4613317 4665517 2
4613367 4613367 1
4613398 8465454 2
4615561 4896104 2
4616660 8465454 2
4618668 4634978 2
4619842 4665517 2
4619922 8465454 2
4621929 4634978 2
4622170 4896104 2
4623104 4665517 2
4623137 8465454 2
4623184 8465454 2
4625191 4634978 2
4625422 4896104 2
4626366 4665517 2
4626398 8465454 2
4626446 8465454 2
4628453 4634978 2
4628676 4896104 2
4628683 4896104 2
4628853 4896104 2
4629660 8465454 2
4629708 8465454 2
4631938 4896104 2
4632101 4896104 2
4632113 4896104 2
4632877 4632877 1
4632922 8465454 2
4634978 4634978 1
4635197 4896104 2
4635355 4896104 2
4635541 4635541 1
4636202 4678616 2
4636233 8465454 2
4638458 4896104 2
4638522 4896104 2
4638612 4896104 2
4639447 8465454 2
4639495 8465454 2
4641720 4896104 2
4641828 4896104 2
4641862 4896104 2
4642680 4665517 2
4644981 4896104 2
4645084 4896104 2
4645108 4896104 2
4645942 4665517 2
4646020 8465454 2
4648240 4896104 2
4649204 4665517 2
4649235 8465454 2
4649282 8465454 2
4651500 4896104 2
4652497 8465454 2
4652515 4678616 2
4652544 8465454 2
4654762 4896104 2
4658022 4896104 2
4659022 8465454 2
4659040 4678616 2
4659069 8465454 2
4661284 4896104 2
4662255 4665517 2
4662302 4678616 2
4664546 4896104 2
4664922 4664922 1
4665517 4665517 1
4665547 8465454 2
4667806 4896104 2
4668088 4668088 1
4668809 8465454 2
4671065 4896104 2
4671169 4896104 2
4672071 8465454 2
4672120 8465454 2
4674327 4896104 2
4674621 4681167 2
4675331 8465454 2
4678592 8465454 2
4678616 4678616 1
4678645 8465454 2
4680852 4896104 2
4681167 4681167 1
4683930 4683930 1
4683944 4896104 2
4684114 4896104 2
4684221 4896104 2
4687375 4896104 2
4687703 4687703 1
4689550 8452782 2
4693900 4896104 2
4694906 8465454 2
4697160 4896104 2
4697516 4697516 1
4698168 8465454 2
4700210 4700210 1
4701411 4707936 2
4701429 8465454 2
4701485 8465454 2
4704068 4704068 1
4704691 8465454 2
4705864 8452782 2
4707936 4707936 1
4711216 8465454 2
4716738 4896104 2
4719841 4896104 2
4720000 4896104 2
4723100 4896104 2
4723137 4896104 2
4723140 4896104 2
4725948 4725948 1
4726361 4896104 2
4727561 4727561 1
4729609 4896104 2
4729695 4896104 2
4729788 4896104 2
4732870 4896104 2
4732955 4896104 2
4733050 4896104 2
4736132 4896104 2
4736291 4896104 2
4739549 4896104 2
4742769 4896104 2
4742811 4896104 2
4745984 4896104 2
4746069 4896104 2
4749331 4896104 2
4749385 4896104 2
4752626 4752626 1
4752646 4896104 2
4755904 4896104 2
4759117 4896104 2
4759166 4896104 2
4760128 4760128 1
4762428 4896104 2
4766672 8465454 2
4775479 4896104 2
4776841 4776841 1
4777646 8452782 2
4778725 4896104 2
4782003 4896104 2
4786271 8465454 2
4790682 4790682 1
4792796 8465454 2
4794494 4794494 1
4794817 4794817 1
4795039 4896104 2
4795054 4896104 2
4796058 8465454 2
4798301 4896104 2
4799320 8465454 2
4801563 4896104 2
4802582 8465454 2
4804825 4896104 2
4808087 4896104 2
4811348 4896104 2
4817678 4833995 2
4817872 4896104 2
4817929 4817929 1
4820073 8452782 2
4821131 4896104 2
4821182 4896104 2
4823945 8009912 2
4830919 4896104 2
4833985 4833985 1
4833995 4833995 1
4834179 4896104 2
4835593 8465454 2
4836452 8452782 2
4836996 8009912 2
4837439 4896104 2
4840701 4896104 2
4841713 4841713 1
4843521 8009912 2
4843963 4896104 2
4847086 4964747 2
4847109 4896104 2
4847223 4896104 2
4850485 4896104 2
4853627 4896104 2
4853746 4896104 2
4856889 4896104 2
4856909 4896104 2
4857002 4896104 2
4860129 4860129 1
4860151 4896104 2
4860260 4896104 2
4863409 4896104 2
4866350 4866350 1
4866671 4896104 2
4869983 4896104 2
4873244 4896104 2
4873273 4896104 2
4876533 4896104 2
4879795 4896104 2
4883056 4896104 2
4886318 4896104 2
4889580 4896104 2
4892842 4896104 2
4896104 4896104 1
4896719 4896719 1
4901211 4901211 1
4901737 8452782 2
4925529 4938575 2
4928791 4938575 2
4932052 4938575 2
4932622 4932622 1
4935313 4938575 2
4935352 4935352 1
4937999 8452782 2
4938575 4938575 1
4938578 4964747 2
4940911 8452782 2
4942884 4942884 1
4947801 8452782 2
4960923 4964184 2
4961462 4964747 2
4964184 4964184 1
4964747 4964747 1
4967370 8452782 2
4967842 8009912 2
4967987 4964747 2
4971249 4964747 2
4973922 8452782 2
4973945 4973945 1
4977833 5007251 2
4981088 5007251 2
4981095 5007251 2
4983663 8452782 2
4983699 8452782 2
4986939 8452782 2
4986991 8452782 2
4987637 5007251 2
4990201 8452782 2
4993463 8452782 2
4994961 4994961 1
4997444 5007251 2
5000042 8452782 2
5003990 5007251 2
5004294 5014067 2
5007251 5007251 1
5007548 5014067 2
5007581 5007581 1
5008940 5008940 1
5010806 5014067 2
5010857 5010857 1
5013795 5013795 1
5014052 5017314 2
5014067 5014067 1
5014132 5014132 1
5017314 5017314 1
5017401 5017401 1
5023835 5043379 2
5027075 5043379 2
5027090 5043379 2
5027209 5027209 1
5030331 5043379 2
5031789 5031789 1
5032289 8452782 2
5033448 5043215 2
5033592 5043379 2
5034335 8465454 2
5035550 8452782 2
5036693 5043215 2
5036963 5036963 1
5037008 5037008 1
5039954 5043215 2
5040117 5043379 2
5043207 5043215 2
5043215 5043215 1
5043379 5043379 1
5046709 5056477 2
5046772 7991030 2
5049895 5049895 1
5049957 5056477 2
5050031 7991030 2
5050034 7991030 2
5050080 5050080 1
5051358 5051358 1
5052233 8452782 2
5053217 5056477 2
5053713 5053713 1
5055495 8452782 2
5056477 5056477 1
5056614 5056614 1
5057900 5057900 1
5059664 5066161 2
5059814 7991030 2
5059943 7991030 2
5061153 8452782 2
5061619 8452782 2
5062906 5066161 2
5064881 8452782 2
5066147 5066161 2
5066161 5066161 1
5066414 5066414 1
5066468 7991030 2
5066991 8465454 2
5069681 7991030 2
5071903 8452782 2
5075165 8452782 2
5078427 8452782 2
5079516 5089300 2
5080751 5080751 1
5081677 8452782 2
5081687 8452782 2
5082456 5085717 2
5082462 5082462 1
5082777 5089300 2
5083301 8465454 2
5085717 5085717 1
5086024 7991030 2
5086038 5089300 2
5086569 8465454 2
5089300 5089300 1
5111653 5111653 1
5112159 7991030 2
5115421 7991030 2
5118683 7991030 2
5121944 7991030 2
5124678 5131203 2
5125204 7991030 2
5126853 5126853 1
5128466 7991030 2
5131203 5131203 1
5131226 5131226 1
5142421 8465454 2
5143121 5159421 2
5143139 5159421 2
5146376 5159421 2
5146396 5159421 2
5146991 5146991 1
5147338 5153920 2
5149638 5159421 2
5149658 5159421 2
5150599 5153920 2
5150631 5153920 2
5152900 5159421 2
5153621 7993430 2
5153861 5153920 2
5153892 5153920 2
5153920 5153920 1
5156159 5159421 2
5157153 5153920 2
5159421 5159421 1
5160041 5160041 1
5161425 5161425 1
5163405 7993430 2
5165930 5165930 1
5166664 7993430 2
5167718 7991030 2
5169833 8452782 2
5169926 7993430 2
5173188 7993430 2
5173951 5173951 1
5174506 5181028 2
5176367 8452782 2
5176370 8452782 2
5177766 5181028 2
5179713 7993430 2
5180510 5180510 1
5181028 5181028 1
5183750 5183750 1
5185008 5185008 1
5186238 7993430 2
5187537 5187537 1
5188092 8465454 2
5189500 7993430 2
5192595 8452782 2
5192735 8452782 2
5194615 8465454 2
5195995 8452782 2
5200620 5200620 1
5202898 5206173 2
5206173 5206173 1
5208931 8452782 2
5209459 5222558 2
5212717 5222558 2
5213018 5213018 1
5219296 5222558 2
5221525 5221525 1
5222558 5222558 1
5228509 8452782 2
5230769 8465454 2
5235647 5238907 2
5237234 5237234 1
5237294 8465454 2
5237831 5237831 1
5238907 5238907 1
5243190 8465454 2
5243762 5328624 2
5243958 8452782 2
5244270 8452782 2
5246446 8465454 2
5247081 8465454 2
5247651 5247651 1
5249708 8465454 2
5250464 8452782 2
5252970 8465454 2
5254167 5280253 2
5257405 5257405 1
5257424 5280253 2
5259475 5262737 2
5260685 5280253 2
5262737 5262737 1
5263947 5280253 2
5267209 5280253 2
5269143 8465454 2
5270471 5280253 2
5273733 5280253 2
5276991 5280253 2
5278958 8465454 2
5278961 8465454 2
5278982 5282244 2
5280253 5280253 1
5282220 8465454 2
5282244 5282244 1
5285481 8465454 2
5285497 5285497 1
5300242 5300242 1
5305154 5305154 1
5321943 5328472 2
5327556 7991030 2
5327710 7991030 2
5327894 8465454 2
5327918 8465454 2
5328097 8465454 2
5328472 5328472 1
5328493 5328493 1
5328507 8465454 2
5328624 5328624 1
5328651 8465454 2
5328706 8465454 2
5328800 8452782 2
5328810 8452782 2
5328998 8452782 2
5329136 8452782 2
5329201 5329201 1
5329306 8452782 2
5329330 8452782 2
5329847 7993430 2
5329933 8009912 2
5330057 8009912 2
5332463 5332463 1
5342247 5358558 2
5343564 5343564 1
5345509 5358558 2
5351473 5351473 1
5352034 5358558 2
5353346 5353346 1
5355296 5358558 2
5355314 5355314 1
5356165 8009912 2
5358558 5358558 1
5369854 5369854 1
5376911 5376911 1
5379704 5379704 1
5380143 5380151 2
5380151 5380151 1
5383419 5383419 1
5383428 5383428 1
5386112 5386112 1
5392298 5392298 1
5392774 5392774 1
5395926 5395926 1
5404303 5404303 1
5410853 5433663 2
5412314 5412314 1
5414101 5433663 2
5414108 5433663 2
5415154 5415154 1
5417362 5433663 2
5417387 5433663 2
5420196 5420196 1
5420623 5433663 2
5420717 8452782 2
5422114 5422114 1
5422140 5422140 1
5423885 5433663 2
5424952 5424952 1
5426398 8465454 2
5427142 5433663 2
5430401 5433663 2
5431997 7991030 2
5433650 8452782 2
5433663 5433663 1
5433769 8452782 2
5435259 7991030 2
5436911 8452782 2
5437018 8452782 2
5438451 5438451 1
5438490 5454800 2
5440166 8452782 2
5440278 8452782 2
5443534 8452782 2
5445015 5454800 2
5445036 7991030 2
5446794 8452782 2
5447817 5447817 1
5448298 7991030 2
5449262 5449262 1
5450055 8452782 2
5450824 5450824 1
5451083 5451083 1
5451540 5454800 2
5454800 5454800 1
5454822 7991030 2
5456577 8452782 2
5459832 8452782 2
5460888 5460888 1
5463089 8452782 2
5466350 8452782 2
5467424 5467424 1
5472809 8452782 2
5472814 8452782 2
5472875 8452782 2
5475507 5475507 1
5476071 8452782 2
5476136 8452782 2
5476937 5476937 1
5477685 7991030 2
5479333 8452782 2
5479394 8452782 2
5479397 8452782 2
5480947 7991030 2
5482653 8452782 2
5483777 5483777 1
5485167 8465454 2
5487048 5487048 1
5490319 5490319 1
5493592 5493592 1
5497844 8465454 2
5500132 5500132 1
5507510 8465454 2
5510769 8465454 2
5527079 8465454 2
5544567 8452782 2
5556492 8465454 2
5559669 5562931 2
5560372 5560372 1
5562931 5562931 1
5566145 5566145 1
5566185 8465454 2
5566392 8465454 2
5572745 8465454 2
5579262 8465454 2
5579363 8465454 2
5582151 7991030 2
5582533 8465454 2
5585779 8465454 2
5585827 8465454 2
5589089 8465454 2
5592294 8465454 2
5592409 8465454 2
5592479 5592479 1
5595719 5595722 2
5595722 5595722 1
5595759 8465454 2
5598980 5595722 2
5599019 8465454 2
5602132 8465454 2
5612024 5612024 1
5618430 8465454 2
5618460 8465454 2
5621648 5621648 1
5621722 8465454 2
5622389 8465454 2
5644734 8465454 2
5647952 8465454 2
5647986 8465454 2
5647995 8465454 2
5648340 8465454 2
5651214 8465454 2
5651226 8465454 2
5651256 8465454 2
5651585 8465454 2
5651592 8465454 2
5651601 8465454 2
5654476 8465454 2
5654847 8465454 2
5657693 5657693 1
5658106 8465454 2
5661037 8465454 2
5661359 8465454 2
5664296 8465454 2
5674792 8452782 2
5674810 8452782 2
5677289 5677289 1
5678072 8452782 2
5689845 5689845 1
5715964 5715964 1
5729268 5729268 1
5742402 5742402 1
5743018 5743018 1
5746638 8452782 2
5749533 8465454 2
5765867 5765867 1
5766190 8452782 2
5769451 8452782 2
5777105 5777105 1
5781283 7991030 2
5791008 5791008 1
5795445 8465454 2
5797725 7991030 2
5798552 8465454 2
5798570 8465454 2
5798730 8465454 2
5805068 8465454 2
5807507 7991030 2
5810588 5810588 1
5832597 5832597 1
5833795 5833795 1
5842390 5842390 1
5872963 5872963 1
5901995 5905265 2
5905265 5905265 1
5934840 5934840 1
5948035 5948035 1
5996994 5996994 1
6002297 6002297 1
6010992 8452782 2
6024093 6024093 1
6043679 6043679 1
6065192 8052893 2
6074993 8052893 2
6081518 8052893 2
6083939 6083939 1
6089762 6089762 1
6090430 7993430 2
6137080 7991030 2
6140342 7991030 2
6143616 7991030 2
6165544 6165544 1
6167609 8465454 2
6170638 8465454 2
6173265 6173265 1
6173897 8465454 2
6176215 6176215 1
6190211 8465454 2
6223666 6249769 2
6248530 8465454 2
6249769 6249769 1
6251792 8465454 2
6258701 8465454 2
6259061 8452782 2
6265274 6265274 1
6281937 8452782 2
6281944 8452782 2
6324027 6324027 1
6332888 6332888 1
6340891 8452782 2
6352785 6352785 1
6356634 8465454 2
6366462 8465454 2
6372934 8465454 2
6376194 8465454 2
6379456 8465454 2
6425546 6425546 1
6431741 8465454 2
6448403 8452782 2
6467026 6467026 1
6468016 6468016 1
6477438 8465454 2
6499666 6499666 1
6516979 6516979 1
6546120 8465454 2
6555775 8465454 2
6564562 8052893 2
6579174 8452782 2
6595268 8452782 2
6595270 8452782 2
6598210 8465454 2
6598528 8452782 2
6598530 8452782 2
6601789 8452782 2
6604736 8465454 2
6656576 6656576 1
6660355 8465454 2
6680663 8452782 2
6687816 6687816 1
6699395 8465454 2
6703036 6703036 1
6707560 8009912 2
6734917 8465454 2
6738179 8465454 2
6745452 8452782 2
6755714 8452782 2
6795443 7993430 2
6803999 8465454 2
6829332 6829332 1
6838986 7083777 2
6869669 8452782 2
6879453 8452782 2
6882715 8452782 2
6888085 6888085 1
6903995 8052893 2
6917289 6917289 1
6935228 8452782 2
6938490 8452782 2
6941752 8452782 2
6945014 8452782 2
6948275 8452782 2
6951298 6951298 1
6967418 6967418 1
6992389 7083777 2
7011969 7083777 2
7015068 7015068 1
7021736 7021736 1
7032900 7032900 1
7035594 8465454 2
7071871 7071871 1
7077252 7083777 2
7083777 7083777 1
7085565 8452782 2
7091061 7091061 1
7157237 8452782 2
7163269 7163269 1
7164316 7164316 1
7175926 7175926 1
7202439 7202439 1
7204856 7208118 2
7208118 7208118 1
7219233 8452782 2
7273119 7273119 1
7286428 8465454 2
7289690 8465454 2
7299509 8465454 2
7309298 8465454 2
7309946 8465454 2
7319087 8465454 2
7332138 8465454 2
7332785 8465454 2
7338663 8465454 2
7375626 8452782 2
7378888 8452782 2
7384830 7384830 1
7385656 8452782 2
7392181 8452782 2
7398706 8452782 2
7405231 8452782 2
7408493 8452782 2
7515397 8465454 2
7626785 7626785 1
7634355 7634355 1
7648266 7648266 1
7667854 7667854 1
7754093 7754093 1
7787801 7787801 1
7811471 7814733 2
7814733 7814733 1
7824517 7847354 2
7827779 7847354 2
7831041 7847354 2
7834303 7847354 2
7847354 7847354 1
7861809 7861809 1
7890929 8465454 2
7890938 8465454 2
7890942 8465454 2
7891011 8465454 2
7894263 8465454 2
7894452 7894452 1
7897506 8465454 2
7897522 8465454 2
7900781 8465454 2
7919154 7990945 2
7919733 7919733 1
7938721 7938721 1
7951083 8009912 2
7951782 7990945 2
7971326 7990906 2
7990881 8052893 2
7990906 7990906 1
7990945 7990945 1
7991030 7991030 1
7991408 8465454 2
7991548 8465454 2
7992196 8465454 2
7992278 8452782 2
7992385 8452782 2
7993430 7993430 1
7993532 8009912 2
7993607 8009912 2
7996868 8009912 2
8000130 8009912 2
8003391 8009912 2
8006652 8009912 2
8009912 8009912 1
8015021 8015021 1
8024746 8465454 2
8024782 8024782 1
8024857 8465454 2
8028006 8465454 2
8028103 8465454 2
8028119 8465454 2
8037768 8465454 2
8039269 8039269 1
8041021 8465454 2
8041030 8465454 2
8041046 8465454 2
8044283 8465454 2
8044308 8465454 2
8047681 8465454 2
8049631 8052893 2
8050943 8465454 2
8052893 8052893 1
8054120 8063903 2
8054205 8465454 2
8057380 8063903 2
8060641 8063903 2
8060729 8465454 2
8063903 8063903 1
8165043 8465454 2
8174968 8465454 2
8181358 8465454 2
8181516 8465454 2
8184778 8465454 2
8187883 8465454 2
8188039 8465454 2
8191161 8465454 2
8191300 8465454 2
8191688 8191688 1
8194562 8465454 2
8207808 8207808 1
8266363 8465454 2
8266991 8266991 1
8269625 8465454 2
8269819 8452782 2
8273081 8452782 2
8276343 8452782 2
8279605 8452782 2
8279824 8279824 1
8299182 8452782 2
8302262 8465454 2
8302443 8452782 2
8305705 8452782 2
8308966 8452782 2
8312225 8452782 2
8315485 8452782 2
8318746 8452782 2
8321843 8465454 2
8321859 8465454 2
8322004 8452782 2
8351213 8465454 2
8354475 8465454 2
8361396 8361396 1
8374053 8465454 2
8387104 8465454 2
8390366 8465454 2
8396891 8465454 2
8400464 8452782 2
8403416 8465454 2
8406677 8465454 2
8409936 8465454 2
8413198 8465454 2
8413645 8452782 2
8416460 8465454 2
8419722 8465454 2
8422962 8465454 2
8422970 8465454 2
8423433 8452782 2
8426224 8465454 2
8426695 8452782 2
8429957 8452782 2
8436004 8465454 2
8436482 8452782 2
8446270 8452782 2
8449529 8452782 2
8452782 8452782 1
8452791 8452782 2
8458872 8465454 2
8462168 8465454 2
8462192 8465454 2
8465214 8468475 2
8465429 8465454 2
8465454 8465454 1
8468475 8468475 1
8468690 8465454 2
8520677 8566350 2
8520680 8566350 2
8523937 8566350 2
8530462 8566350 2
8543513 8566350 2
8543544 8566350 2
8546775 8566350 2
8550037 8566350 2
8553299 8566350 2
8553369 8566350 2
8556627 8566350 2
8562120 8562120 1
8566350 8566350 1
8594779 8594779 1
8614396 8630737 2
8624201 8630737 2
8627475 8630737 2
8630737 8630737 1
8677885 8677885 1
8713800 8713800 1
10351754 10400663 2
10351769 10400663 2
10355014 10400663 2
10355031 10400663 2
10358274 10400663 2
10358293 10400663 2
10361536 10400663 2
10368120 10400663 2
10371319 10400663 2
10374581 10400663 2
10377843 10400663 2
10381039 10400663 2
10381094 10400663 2
10381100 10400663 2
10381104 10400663 2
10384356 10400663 2
10387618 10400663 2
10390878 10400663 2
10394139 10400663 2
10397401 10400663 2
10400663 10400663 1
